<?xml version="1.0" encoding="UTF-8"?>
<!-- Generated by org.testng.reporters.JUnitReportReporter -->
<testsuite hostname="DEBASISs-MacBook-Air.local" failures="0" tests="2" name="com.team.TeamValidate" time="0.951" errors="0" timestamp="12 Oct 2022 14:22:52 GMT" skipped="0">
  <testcase classname="com.team.TeamValidate" name="validateTeamWithForigenPlayer" time="0.195"/>
  <testcase classname="com.team.TeamValidate" name="validateAtleastOneWK" time="0.756"/>
</testsuite> <!-- com.team.TeamValidate -->
